[    0.000000] Initializing cgroup subsys cpuset
[    0.000000] Initializing cgroup subsys cpu
[    0.000000] Initializing cgroup subsys cpuacct
[    0.000000] Linux version 4.4.0-210-generic (buildd@lgw01-amd64-009) (gcc version 5.4.0 20160609 (Ubuntu 5.4.0-6ubuntu1~16.04.12) ) #242-Ubuntu SMP Fri Apr 16 09:57:56 UTC 2021 (Ubuntu 4.4.0-210.242-generic 4.4.262)
[    0.000000] Command line: BOOT_IMAGE=/boot/vmlinuz-4.4.0-210-generic root=UUID=0fa69040-f4c4-449d-86d9-474f93427760 ro console=tty1 console=ttyS0
[    0.000000] KERNEL supported cpus:
[    0.000000]   Intel GenuineIntel
[    0.000000]   AMD AuthenticAMD
[    0.000000]   Centaur CentaurHauls
[    0.000000] x86/fpu: xstate_offset[2]:  576, xstate_sizes[2]:  256
[    0.000000] x86/fpu: Supporting XSAVE feature 0x01: 'x87 floating point registers'
[    0.000000] x86/fpu: Supporting XSAVE feature 0x02: 'SSE registers'
[    0.000000] x86/fpu: Supporting XSAVE feature 0x04: 'AVX registers'
[    0.000000] x86/fpu: Enabled xstate features 0x7, context size is 832 bytes, using 'standard' format.
[    0.000000] e820: BIOS-provided physical RAM map:
[    0.000000] BIOS-e820: [mem 0x0000000000000000-0x000000000009fbff] usable
[    0.000000] BIOS-e820: [mem 0x000000000009fc00-0x000000000009ffff] reserved
[    0.000000] BIOS-e820: [mem 0x00000000000f0000-0x00000000000fffff] reserved
[    0.000000] BIOS-e820: [mem 0x0000000000100000-0x000000007ffeffff] usable
[    0.000000] BIOS-e820: [mem 0x000000007fff0000-0x000000007fffffff] ACPI data
[    0.000000] BIOS-e820: [mem 0x00000000fec00000-0x00000000fec00fff] reserved
[    0.000000] BIOS-e820: [mem 0x00000000fee00000-0x00000000fee00fff] reserved
[    0.000000] BIOS-e820: [mem 0x00000000fffc0000-0x00000000ffffffff] reserved
[    0.000000] NX (Execute Disable) protection: active
[    0.000000] SMBIOS 2.5 present.
[    0.000000] Hypervisor detected: KVM
[    0.000000] e820: last_pfn = 0x7fff0 max_arch_pfn = 0x400000000
[    0.000000] MTRR: Disabled
[    0.000000] x86/PAT: MTRRs disabled, skipping PAT initialization too.
[    0.000000] CPU MTRRs all blank - virtualized system.
[    0.000000] x86/PAT: Configuration [0-7]: WB  WT  UC- UC  WB  WT  UC- UC  
[    0.000000] found SMP MP-table at [mem 0x0009fff0-0x0009ffff] mapped at [ffff88000009fff0]
[    0.000000] Scanning 1 areas for low memory corruption
[    0.000000] RAMDISK: [mem 0x361bc000-0x370d5fff]
[    0.000000] ACPI: Early table checksum verification disabled
[    0.000000] ACPI: RSDP 0x00000000000E0000 000024 (v02 VBOX  )
[    0.000000] ACPI: XSDT 0x000000007FFF0030 00003C (v01 VBOX   VBOXXSDT 00000001 ASL  00000061)
[    0.000000] ACPI: FACP 0x000000007FFF00F0 0000F4 (v04 VBOX   VBOXFACP 00000001 ASL  00000061)
[    0.000000] ACPI: DSDT 0x000000007FFF0610 002353 (v02 VBOX   VBOXBIOS 00000002 INTL 20200528)
[    0.000000] ACPI: FACS 0x000000007FFF0200 000040
[    0.000000] ACPI: FACS 0x000000007FFF0200 000040
[    0.000000] ACPI: APIC 0x000000007FFF0240 00005C (v02 VBOX   VBOXAPIC 00000001 ASL  00000061)
[    0.000000] ACPI: SSDT 0x000000007FFF02A0 00036C (v01 VBOX   VBOXCPUT 00000002 INTL 20200528)
[    0.000000] No NUMA configuration found
[    0.000000] Faking a node at [mem 0x0000000000000000-0x000000007ffeffff]
[    0.000000] NODE_DATA(0) allocated [mem 0x7ffeb000-0x7ffeffff]
[    0.000000] kvm-clock: Using msrs 4b564d01 and 4b564d00
[    0.000000] kvm-clock: cpu 0, msr 0:7ffe3001, primary cpu clock
[    0.000000] kvm-clock: using sched offset of 3316149278 cycles
[    0.000000] clocksource: kvm-clock: mask: 0xffffffffffffffff max_cycles: 0x1cd42e4dffb, max_idle_ns: 881590591483 ns
[    0.000000] Zone ranges:
[    0.000000]   DMA      [mem 0x0000000000001000-0x0000000000ffffff]
[    0.000000]   DMA32    [mem 0x0000000001000000-0x000000007ffeffff]
[    0.000000]   Normal   empty
[    0.000000]   Device   empty
[    0.000000] Movable zone start for each node
[    0.000000] Early memory node ranges
[    0.000000]   node   0: [mem 0x0000000000001000-0x000000000009efff]
[    0.000000]   node   0: [mem 0x0000000000100000-0x000000007ffeffff]
[    0.000000] Initmem setup node 0 [mem 0x0000000000001000-0x000000007ffeffff]
[    0.000000] ACPI: PM-Timer IO Port: 0x4008
[    0.000000] IOAPIC[0]: apic_id 2, version 32, address 0xfec00000, GSI 0-23
[    0.000000] ACPI: INT_SRC_OVR (bus 0 bus_irq 0 global_irq 2 dfl dfl)
[    0.000000] ACPI: INT_SRC_OVR (bus 0 bus_irq 9 global_irq 9 low level)
[    0.000000] Using ACPI (MADT) for SMP configuration information
[    0.000000] smpboot: Allowing 2 CPUs, 0 hotplug CPUs
[    0.000000] PM: Registered nosave memory: [mem 0x00000000-0x00000fff]
[    0.000000] PM: Registered nosave memory: [mem 0x0009f000-0x0009ffff]
[    0.000000] PM: Registered nosave memory: [mem 0x000a0000-0x000effff]
[    0.000000] PM: Registered nosave memory: [mem 0x000f0000-0x000fffff]
[    0.000000] e820: [mem 0x80000000-0xfebfffff] available for PCI devices
[    0.000000] Booting paravirtualized kernel on KVM
[    0.000000] clocksource: refined-jiffies: mask: 0xffffffff max_cycles: 0xffffffff, max_idle_ns: 7645519600211568 ns
[    0.000000] setup_percpu: NR_CPUS:512 nr_cpumask_bits:512 nr_cpu_ids:2 nr_node_ids:1
[    0.000000] PERCPU: Embedded 33 pages/cpu @ffff88007fc00000 s95192 r8192 d31784 u1048576
[    0.000000] Built 1 zonelists in Node order, mobility grouping on.  Total pages: 515960
[    0.000000] Policy zone: DMA32
[    0.000000] Kernel command line: BOOT_IMAGE=/boot/vmlinuz-4.4.0-210-generic root=UUID=0fa69040-f4c4-449d-86d9-474f93427760 ro console=tty1 console=ttyS0
[    0.000000] PID hash table entries: 4096 (order: 3, 32768 bytes)
[    0.000000] Memory: 2029408K/2096696K available (8644K kernel code, 1332K rwdata, 4044K rodata, 1492K init, 1164K bss, 67288K reserved, 0K cma-reserved)
[    0.000000] SLUB: HWalign=64, Order=0-3, MinObjects=0, CPUs=2, Nodes=1
[    0.000000] Kernel/User page tables isolation: enabled
[    0.000000] Hierarchical RCU implementation.
[    0.000000] 	Build-time adjustment of leaf fanout to 64.
[    0.000000] 	RCU restricting CPUs from NR_CPUS=512 to nr_cpu_ids=2.
[    0.000000] RCU: Adjusting geometry for rcu_fanout_leaf=64, nr_cpu_ids=2
[    0.000000] NR_IRQS:33024 nr_irqs:440 16
[    0.000000] Console: colour VGA+ 80x25
[    0.000000] console [tty1] enabled
[    0.000000] console [ttyS0] enabled
[    0.000000] tsc: Detected 2307.720 MHz processor
[    0.407358] Calibrating delay loop (skipped) preset value.. 4615.44 BogoMIPS (lpj=9230880)
[    0.412641] pid_max: default: 32768 minimum: 301
[    0.415348] ACPI: Core revision 20150930
[    0.419247] ACPI: 2 ACPI AML tables successfully acquired and loaded
[    0.423465] Security Framework initialized
[    0.426385] Yama: becoming mindful.
[    0.428493] AppArmor: AppArmor initialized
[    0.430876] Dentry cache hash table entries: 262144 (order: 9, 2097152 bytes)
[    0.437094] Inode-cache hash table entries: 131072 (order: 8, 1048576 bytes)
[    0.441622] Mount-cache hash table entries: 4096 (order: 3, 32768 bytes)
[    0.445277] Mountpoint-cache hash table entries: 4096 (order: 3, 32768 bytes)
[    0.449439] Initializing cgroup subsys io
[    0.451761] Initializing cgroup subsys memory
[    0.454292] Initializing cgroup subsys devices
[    0.456993] Initializing cgroup subsys freezer
[    0.459448] Initializing cgroup subsys net_cls
[    0.462568] Initializing cgroup subsys perf_event
[    0.465376] Initializing cgroup subsys net_prio
[    0.467990] Initializing cgroup subsys hugetlb
[    0.470444] Initializing cgroup subsys pids
[    0.474655] mce: CPU supports 0 MCE banks
[    0.477099] Last level iTLB entries: 4KB 64, 2MB 8, 4MB 8
[    0.480113] Last level dTLB entries: 4KB 64, 2MB 0, 4MB 0, 1GB 4
[    0.483305] Spectre V1 : Mitigation: usercopy/swapgs barriers and __user pointer sanitization
[    0.488968] Spectre V2 : Mitigation: Full generic retpoline
[    0.492086] Spectre V2 : Spectre v2 / SpectreRSB mitigation: Filling RSB on context switch
[    0.497805] Speculative Store Bypass: Vulnerable
[    0.500578] SRBDS: Unknown: Dependent on hypervisor status
[    0.504167] MDS: Mitigation: Clear CPU buffers
[    0.535768] Freeing SMP alternatives memory: 36K
[    0.611338] ftrace: allocating 32380 entries in 127 pages
[    1.021231] smpboot: APIC(0) Converting physical 0 to logical package 0
[    1.024920] smpboot: Max logical packages: 1
[    1.028833] x2apic enabled
[    1.031763] Switched APIC routing to physical x2apic.
[    1.041256] ..TIMER: vector=0x30 apic1=0 pin1=2 apic2=-1 pin2=-1
[    1.152724] APIC calibration not consistent with PM-Timer: 101ms instead of 100ms
[    1.157872] APIC delta adjusted to PM-Timer: 6281166 (6398120)
[    1.162678] smpboot: CPU0: Intel(R) Core(TM) i9-9880H CPU @ 2.30GHz (family: 0x6, model: 0x9e, stepping: 0xd)
[    1.170201] Performance Events: unsupported p6 CPU model 158 no PMU driver, software events only.
[    1.242422] KVM setup paravirtual spinlock
[    1.245796] x86: Booting SMP configuration:
[    1.248166] .... node  #0, CPUs:      #1
[    1.251432] kvm-clock: cpu 1, msr 0:7ffe3041, secondary cpu clock
[    1.255910] mce: CPU supports 0 MCE banks
[    1.259572] x86: Booted up 1 node, 2 CPUs
[    1.262587] smpboot: Total of 2 processors activated (9230.88 BogoMIPS)
[    1.267960] devtmpfs: initialized
[    1.271979] evm: security.selinux
[    1.274180] evm: security.SMACK64
[    1.276100] evm: security.SMACK64EXEC
[    1.278318] evm: security.SMACK64TRANSMUTE
[    1.280949] evm: security.SMACK64MMAP
[    1.283237] evm: security.ima
[    1.285036] evm: security.capability
[    1.288228] clocksource: jiffies: mask: 0xffffffff max_cycles: 0xffffffff, max_idle_ns: 7645041785100000 ns
[    1.293590] futex hash table entries: 512 (order: 3, 32768 bytes)
[    1.297785] pinctrl core: initialized pinctrl subsystem
[    1.301828] RTC time: 21:04:07, date: 04/24/23
[    1.305343] NET: Registered protocol family 16
[    1.324295] cpuidle: using governor ladder
[    1.336237] cpuidle: using governor menu
[    1.339418] PCCT header not found.
[    1.341774] ACPI: bus type PCI registered
[    1.344614] acpiphp: ACPI Hot Plug PCI Controller Driver version: 0.5
[    1.348723] PCI: Using configuration type 1 for base access
[    1.363261] ACPI: Added _OSI(Module Device)
[    1.365703] ACPI: Added _OSI(Processor Device)
[    1.368229] ACPI: Added _OSI(3.0 _SCP Extensions)
[    1.371161] ACPI: Added _OSI(Processor Aggregator Device)
[    1.375464] ACPI: Executed 1 blocks of module-level executable AML code
[    1.382528] ACPI: Interpreter enabled
[    1.384969] ACPI: (supports S0 S5)
[    1.387125] ACPI: Using IOAPIC for interrupt routing
[    1.390179] PCI: Using host bridge windows from ACPI; if necessary, use "pci=nocrs" and report a bug
[    1.402626] ACPI: PCI Root Bridge [PCI0] (domain 0000 [bus 00-ff])
[    1.406002] acpi PNP0A03:00: _OSC: OS supports [ASPM ClockPM Segments MSI]
[    1.410498] acpi PNP0A03:00: _OSC: not requesting OS control; OS requires [ExtendedConfig ASPM ClockPM MSI]
[    1.417339] acpi PNP0A03:00: fail to add MMCONFIG information, can't access extended PCI configuration space under this bridge.
[    1.424781] PCI host bridge to bus 0000:00
[    1.427754] pci_bus 0000:00: root bus resource [io  0x0000-0x0cf7 window]
[    1.431652] pci_bus 0000:00: root bus resource [io  0x0d00-0xffff window]
[    1.435370] pci_bus 0000:00: root bus resource [mem 0x000a0000-0x000bffff window]
[    1.440588] pci_bus 0000:00: root bus resource [mem 0x80000000-0xfdffffff window]
[    1.445274] pci_bus 0000:00: root bus resource [bus 00-ff]
[    1.473879] pci 0000:00:01.1: legacy IDE quirk: reg 0x10: [io  0x01f0-0x01f7]
[    1.478798] pci 0000:00:01.1: legacy IDE quirk: reg 0x14: [io  0x03f6]
[    1.482840] pci 0000:00:01.1: legacy IDE quirk: reg 0x18: [io  0x0170-0x0177]
[    1.487771] pci 0000:00:01.1: legacy IDE quirk: reg 0x1c: [io  0x0376]
[    1.535746] pci 0000:00:07.0: quirk: [io  0x4000-0x403f] claimed by PIIX4 ACPI
[    1.539887] pci 0000:00:07.0: quirk: [io  0x4100-0x410f] claimed by PIIX4 SMB
[    1.557618] ACPI: PCI Interrupt Link [LNKA] (IRQs 5 9 10 *11)
[    1.562622] ACPI: PCI Interrupt Link [LNKB] (IRQs 5 9 *10 11)
[    1.568575] ACPI: PCI Interrupt Link [LNKC] (IRQs 5 *9 10 11)
[    1.574266] ACPI: PCI Interrupt Link [LNKD] (IRQs 5 9 10 *11)
[    1.579027] ACPI: Enabled 2 GPEs in block 00 to 07
[    1.582622] vgaarb: setting as boot device: PCI:0000:00:02.0
[    1.586258] vgaarb: device added: PCI:0000:00:02.0,decodes=io+mem,owns=io+mem,locks=none
[    1.591168] vgaarb: loaded
[    1.592942] vgaarb: bridge control possible 0000:00:02.0
[    1.596463] SCSI subsystem initialized
[    1.598983] ACPI: bus type USB registered
[    1.601543] usbcore: registered new interface driver usbfs
[    1.604649] usbcore: registered new interface driver hub
[    1.607633] usbcore: registered new device driver usb
[    1.611276] PCI: Using ACPI for IRQ routing
[    1.614300] NetLabel: Initializing
[    1.616453] NetLabel:  domain hash size = 128
[    1.619914] NetLabel:  protocols = UNLABELED CIPSOv4
[    1.622623] NetLabel:  unlabeled traffic allowed by default
[    1.625917] amd_nb: Cannot enumerate AMD northbridges
[    1.629101] clocksource: Switched to clocksource kvm-clock
[    1.640968] AppArmor: AppArmor Filesystem Enabled
[    1.643769] pnp: PnP ACPI init
[    1.647817] pnp: PnP ACPI: found 3 devices
[    1.666159] clocksource: acpi_pm: mask: 0xffffff max_cycles: 0xffffff, max_idle_ns: 2085701024 ns
[    1.671344] NET: Registered protocol family 2
[    1.674369] TCP established hash table entries: 16384 (order: 5, 131072 bytes)
[    1.678838] TCP bind hash table entries: 16384 (order: 6, 262144 bytes)
[    1.682629] TCP: Hash tables configured (established 16384 bind 16384)
[    1.687157] UDP hash table entries: 1024 (order: 3, 32768 bytes)
[    1.690416] UDP-Lite hash table entries: 1024 (order: 3, 32768 bytes)
[    1.695044] NET: Registered protocol family 1
[    1.697910] pci 0000:00:00.0: Limiting direct PCI/PCI transfers
[    1.702395] pci 0000:00:01.0: Activating ISA DMA hang workarounds
[    1.706053] Unpacking initramfs...
[    1.931985] Freeing initrd memory: 15464K
[    1.935204] clocksource: tsc: mask: 0xffffffffffffffff max_cycles: 0x2143b1dc1f1, max_idle_ns: 440795251225 ns
[    1.941214] platform rtc_cmos: registered platform RTC device (no PNP device found)
[    1.945627] Scanning for low memory corruption every 60 seconds
[    1.950231] audit: initializing netlink subsys (disabled)
[    1.953671] audit: type=2000 audit(1682370252.733:1): initialized
[    1.957706] Initialise system trusted keyring
[    1.961202] HugeTLB registered 2 MB page size, pre-allocated 0 pages
[    1.965964] zbud: loaded
[    1.968243] VFS: Disk quotas dquot_6.6.0
[    1.970785] VFS: Dquot-cache hash table entries: 512 (order 0, 4096 bytes)
[    1.975233] squashfs: version 4.0 (2009/01/31) Phillip Lougher
[    1.980001] fuse init (API version 7.23)
[    1.982646] Key type big_key registered
[    1.984928] Allocating IMA MOK and blacklist keyrings.
[    1.991511] Key type asymmetric registered
[    1.994200] Asymmetric key parser 'x509' registered
[    1.997100] Block layer SCSI generic (bsg) driver version 0.4 loaded (major 249)
[    2.001947] io scheduler noop registered
[    2.004412] io scheduler deadline registered (default)
[    2.007301] io scheduler cfq registered
[    2.009620] pci_hotplug: PCI Hot Plug PCI Core version: 0.5
[    2.012750] pciehp: PCI Express Hot Plug Controller Driver version: 0.4
[    2.017234] ACPI: AC Adapter [AC] (on-line)
[    2.019965] input: Power Button as /devices/LNXSYSTM:00/LNXPWRBN:00/input/input0
[    2.024125] ACPI: Power Button [PWRF]
[    2.026300] input: Sleep Button as /devices/LNXSYSTM:00/LNXSLPBN:00/input/input1
[    2.030306] ACPI: Sleep Button [SLPF]
[    2.034032] GHES: HEST is not enabled!
[    2.035753] ACPI: Battery Slot [BAT0] (battery present)
[    2.041380] Serial: 8250/16550 driver, 32 ports, IRQ sharing enabled
[    2.086539] 00:02: ttyS0 at I/O 0x3f8 (irq = 4, base_baud = 115200) is a 16550A
[    2.146805] Linux agpgart interface v0.103
[    2.236277] loop: module loaded
[    2.247526] scsi host0: ata_piix
[    2.250185] scsi host1: ata_piix
[    2.252456] ata1: PATA max UDMA/33 cmd 0x1f0 ctl 0x3f6 bmdma 0xd000 irq 14
[    2.257897] ata2: PATA max UDMA/33 cmd 0x170 ctl 0x376 bmdma 0xd008 irq 15
[    2.262988] libphy: Fixed MDIO Bus: probed
[    2.267357] tun: Universal TUN/TAP device driver, 1.6
[    2.271405] tun: (C) 1999-2004 Max Krasnyansky <maxk@qualcomm.com>
[    2.278002] PPP generic driver version 2.4.2
[    2.285527] ehci_hcd: USB 2.0 'Enhanced' Host Controller (EHCI) Driver
[    2.291964] ehci-pci: EHCI PCI platform driver
[    2.294753] ehci-platform: EHCI generic platform driver
[    2.298462] ohci_hcd: USB 1.1 'Open' Host Controller (OHCI) Driver
[    2.302395] ohci-pci: OHCI PCI platform driver
[    2.305511] ohci-platform: OHCI generic platform driver
[    2.308649] uhci_hcd: USB Universal Host Controller Interface driver
[    2.312571] i8042: PNP: PS/2 Controller [PNP0303:PS2K,PNP0f03:PS2M] at 0x60,0x64 irq 1,12
[    2.319629] serio: i8042 KBD port at 0x60,0x64 irq 1
[    2.322730] serio: i8042 AUX port at 0x60,0x64 irq 12
[    2.326723] mousedev: PS/2 mouse device common for all mice
[    2.331493] input: AT Translated Set 2 keyboard as /devices/platform/i8042/serio0/input/input2
[    2.338639] rtc_cmos rtc_cmos: rtc core: registered rtc_cmos as rtc0
[    2.343069] rtc_cmos rtc_cmos: alarms up to one day, 114 bytes nvram
[    2.347976] i2c /dev entries driver
[    2.350318] device-mapper: uevent: version 1.0.3
[    2.353678] device-mapper: ioctl: 4.34.0-ioctl (2015-10-28) initialised: dm-devel@redhat.com
[    2.358517] ledtrig-cpu: registered to indicate activity on CPUs
[    2.362826] NET: Registered protocol family 10
[    2.366145] NET: Registered protocol family 17
[    2.381821] Key type dns_resolver registered
[    2.386455] registered taskstats version 1
[    2.388919] Loading compiled-in X.509 certificates
[    2.392252] Loaded X.509 cert 'Build time autogenerated kernel key: cf00e047681d67edb2720680708b7d9498083038'
[    2.399346] zswap: loaded using pool lzo/zbud
[    2.405172] Key type trusted registered
[    2.411997] Key type encrypted registered
[    2.414656] AppArmor: AppArmor sha1 policy hashing enabled
[    2.418263] ima: No TPM chip found, activating TPM-bypass!
[    2.422017] ima: Allocated hash algorithm: sha1
[    2.424815] evm: HMAC attrs: 0x1
[    2.468783]   Magic number: 3:533:96
[    2.472061] rtc_cmos rtc_cmos: setting system clock to 2023-04-24 21:04:08 UTC (1682370248)
[    2.477566] BIOS EDD facility v0.16 2004-Jun-25, 0 devices found
[    2.481166] EDD information not available.
[    2.485382] Freeing unused kernel memory: 1492K
[    2.497466] Write protecting the kernel read-only data: 14336k
[    2.501565] Freeing unused kernel memory: 1584K
[    2.504208] Freeing unused kernel memory: 52K
Loading, please wait...
starting version 229
[    2.522632] random: systemd-udevd: uninitialized urandom read (16 bytes read, 5 bits of entropy available)
[    2.523158] random: udevadm: uninitialized urandom read (16 bytes read, 5 bits of entropy available)
[    2.523187] random: udevadm: uninitialized urandom read (16 bytes read, 5 bits of entropy available)
[    2.535691] random: udevadm: uninitialized urandom read (16 bytes read, 5 bits of entropy available)
[    2.535746] random: udevadm: uninitialized urandom read (16 bytes read, 5 bits of entropy available)
[    2.535932] random: udevadm: uninitialized urandom read (16 bytes read, 5 bits of entropy available)
[    2.536019] random: udevadm: uninitialized urandom read (16 bytes read, 5 bits of entropy available)
[    2.536104] random: udevadm: uninitialized urandom read (16 bytes read, 5 bits of entropy available)
[    2.536177] random: udevadm: uninitialized urandom read (16 bytes read, 5 bits of entropy available)
[    2.536263] random: udevadm: uninitialized urandom read (16 bytes read, 5 bits of entropy available)
[    2.611017] e1000: Intel(R) PRO/1000 Network Driver - version 7.3.21-k8-NAPI
[    2.616124] e1000: Copyright (c) 1999-2006 Intel Corporation.
[    2.645439] Fusion MPT base driver 3.04.20
[    2.649517] Copyright (c) 1999-2008 LSI Corporation
[    2.662958] [drm] Initialized drm 1.1.0 20060810
[    2.670379] AVX2 version of gcm_enc/dec engaged.
[    2.673936] AES CTR mode by8 optimization enabled
[    2.714480] Fusion MPT SPI Host driver 3.04.20
[    2.720721] vboxvideo: loading out-of-tree module taints kernel.
[    2.724265] vboxvideo: module verification failed: signature and/or required key missing - tainting kernel
[    2.733448] vboxvideo: loading version 7.0.2 r154219
[    2.840290] input: ImExPS/2 Generic Explorer Mouse as /devices/platform/i8042/serio1/input/input4
[    3.131302] e1000 0000:00:03.0 eth0: (PCI:33MHz:32-bit) 02:fe:a1:ea:7d:d1
[    3.135550] e1000 0000:00:03.0 eth0: Intel(R) PRO/1000 Network Connection
[    3.590100] e1000 0000:00:08.0 eth1: (PCI:33MHz:32-bit) 08:00:27:a6:b8:cf
[    3.594650] e1000 0000:00:08.0 eth1: Intel(R) PRO/1000 Network Connection
[    3.600909] e1000 0000:00:08.0 enp0s8: renamed from eth1
[    3.605184] mptbase: ioc0: Initiating bringup
[    3.617501] e1000 0000:00:03.0 enp0s3: renamed from eth0
[    3.679558] ioc0: LSI53C1030 A0: Capabilities={Initiator}
[    3.880074] scsi host2: ioc0: LSI53C1030 A0, FwRev=00000000h, Ports=1, MaxQ=256, IRQ=20
[    4.002172] scsi 2:0:0:0: Direct-Access     VBOX     HARDDISK         1.0  PQ: 0 ANSI: 5
[    4.007787] scsi target2:0:0: Beginning Domain Validation
[    4.011961] [drm] VRAM 01000000
[    4.017846] [TTM] Zone  kernel: Available graphics memory: 1024018 kiB
[    4.021594] [TTM] Initializing pool allocator
[    4.024875] scsi target2:0:0: Domain Validation skipping write tests
[    4.029182] scsi target2:0:0: Ending Domain Validation
[    4.032074] [TTM] Initializing DMA pool allocator
[    4.035715] scsi target2:0:0: asynchronous
[    4.078340] scsi 2:0:1:0: Direct-Access     VBOX     HARDDISK         1.0  PQ: 0 ANSI: 5
[    4.085504] scsi target2:0:1: Beginning Domain Validation
[    4.105292] scsi target2:0:1: Domain Validation skipping write tests
[    4.109746] scsi target2:0:1: Ending Domain Validation
[    4.114621] scsi target2:0:1: asynchronous
[    4.118467] fbcon: vboxdrmfb (fb0) is primary device
[    4.137715] Console: switching to colour frame buffer device 100x37
[    4.138341] sd 2:0:0:0: Attached scsi generic sg0 type 0
[    4.138570] sd 2:0:0:0: [sda] 20971520 512-byte logical blocks: (10.7 GB/10.0 GiB)
[    4.138610] sd 2:0:1:0: Attached scsi generic sg1 type 0
[    4.139174] sd 2:0:1:0: [sdb] 20480 512-byte logical blocks: (10.5 MB/10.0 MiB)
[    4.141194] sd 2:0:0:0: [sda] Write Protect is off
[    4.145601] sd 2:0:0:0: [sda] Incomplete mode parameter data
[    4.145602] sd 2:0:0:0: [sda] Assuming drive cache: write through
[    4.145641] sd 2:0:1:0: [sdb] Write Protect is off
[    4.150635] sd 2:0:1:0: [sdb] Incomplete mode parameter data
[    4.150636] sd 2:0:1:0: [sdb] Assuming drive cache: write through
[    4.164422]  sda: sda1
[    4.168083] vboxvideo 0000:00:02.0: fb0: vboxdrmfb frame buffer device
[    4.172660] sd 2:0:0:0: [sda] Attached SCSI disk
[    4.175129] sd 2:0:1:0: [sdb] Attached SCSI disk
[    4.189292] [drm] Initialized vboxvideo 1.0.0 20130823 for 0000:00:02.0 on minor 0
Begin: Loading essential drivers ... [    4.257558] md: linear personality registered for level -1
[    4.262659] md: multipath personality registered for level -4
[    4.267550] md: raid0 personality registered for level 0
[    4.278946] md: raid1 personality registered for level 1
[    4.364934] raid6: sse2x1   gen() 10073 MB/s
[    4.477456] raid6: sse2x1   xor() 12518 MB/s
[    4.557995] raid6: sse2x2   gen() 18107 MB/s
[    4.634606] raid6: sse2x2   xor() 11077 MB/s
[    4.705932] raid6: sse2x4   gen() 18128 MB/s
[    4.867232] raid6: sse2x4   xor() 18623 MB/s
[    4.986464] raid6: avx2x1   gen() 42935 MB/s
[    5.057177] raid6: avx2x2   gen() 26933 MB/s
[    5.152169] raid6: avx2x4   gen() 45983 MB/s
[    5.155402] raid6: using algorithm avx2x4 gen() 45983 MB/s
[    5.157788] raid6: using avx2x2 recovery algorithm
[    5.164372] xor: automatically using best checksumming function:
[    5.205260]    avx       : 28630.000 MB/sec
[    5.209532] async_tx: api initialized (async)
[    5.233639] md: raid6 personality registered for level 6
[    5.236268] md: raid5 personality registered for level 5
[    5.238374] md: raid4 personality registered for level 4
[    5.253414] md: raid10 personality registered for level 10
done.
Begin: Running /scripts/init-premount ... done.
Begin: Mounting root file system ... Begin: Running /scripts/local-top ... done.
Begin: Running /scripts/local-premount ... [    5.309693] Btrfs loaded
Scanning for Btrfs filesystems
done.
Warning: fsck not present, so skipping root file system
[    5.343739] EXT4-fs (sda1): mounted filesystem with ordered data mode. Opts: (null)
done.
Begin: Running /scripts/local-bottom ... done.
Begin: Running /scripts/init-bottom ... done.
[    5.493736] systemd[1]: systemd 229 running in system mode. (+PAM +AUDIT +SELINUX +IMA +APPARMOR +SMACK +SYSVINIT +UTMP +LIBCRYPTSETUP +GCRYPT +GNUTLS +ACL +XZ -LZ4 +SECCOMP +BLKID +ELFUTILS +KMOD -IDN)
[    5.500891] systemd[1]: Detected virtualization oracle.
[    5.502969] systemd[1]: Detected architecture x86-64.

Welcome to [1mUbuntu 16.04.7 LTS[0m!

[    5.510709] systemd[1]: Set hostname to <ubuntu-xenial>.
[    5.732037] systemd[1]: Reached target User and Group Name Lookups.
[[0;32m  OK  [0m] Reached target User and Group Name Lookups.
[    5.737107] systemd[1]: Reached target System Time Synchronized.
[[0;32m  OK  [0m] Reached target System Time Synchronized.
[    5.741879] systemd[1]: Listening on udev Kernel Socket.
[[0;32m  OK  [0m] Listening on udev Kernel Socket.
[    5.746345] systemd[1]: Started Forward Password Requests to Wall Directory Watch.
[[0;32m  OK  [0m] Started Forward Password Requests to Wall Directory Watch.
[    5.752141] systemd[1]: Listening on Journal Audit Socket.
[[0;32m  OK  [0m] Listening on Journal Audit Socket.
[    5.756617] systemd[1]: Created slice System Slice.
[[0;32m  OK  [0m] Created slice System Slice.
[    5.760870] systemd[1]: Listening on Syslog Socket.
[[0;32m  OK  [0m] Listening on Syslog Socket.
[    5.765184] systemd[1]: Started Trigger resolvconf update for networkd DNS.
[[0;32m  OK  [0m] Started Trigger resolvconf update for networkd DNS.
[    5.770735] systemd[1]: Reached target Swap.
[[0;32m  OK  [0m] Reached target Swap.
[    5.774649] systemd[1]: Listening on Journal Socket (/dev/log).
[[0;32m  OK  [0m] Listening on Journal Socket (/dev/log).
[    5.779227] systemd[1]: Listening on LVM2 metadata daemon socket.
[[0;32m  OK  [0m] Listening on LVM2 metadata daemon socket.
[    5.783790] systemd[1]: Listening on udev Control Socket.
[[0;32m  OK  [0m] Listening on udev Control Socket.
[    5.788450] systemd[1]: Listening on LVM2 poll daemon socket.
[[0;32m  OK  [0m] Listening on LVM2 poll daemon socket.
[    5.793659] systemd[1]: Reached target Encrypted Volumes.
[[0;32m  OK  [0m] Reached target Encrypted Volumes.
[    5.798425] systemd[1]: Set up automount Arbitrary Executable File Formats File System Automount Point.
[[0;32m  OK  [0m] Set up automount Arbitrary Executab...ats File System Automount Point.
[    5.805732] systemd[1]: Listening on Journal Socket.
[[0;32m  OK  [0m] Listening on Journal Socket.
[    5.821711] systemd[1]: Mounting Debug File System...
         Mounting Debug File System...
[    5.829646] systemd[1]: Starting Set console keymap...
         Starting Set console keymap...
[    5.836622] systemd[1]: Starting Nameserver information manager...
         Starting Nameserver information manager...
[    5.843557] systemd[1]: Mounting POSIX Message Queue File System...
         Mounting POSIX Message Queue File System...
[    5.850495] systemd[1]: Mounting Huge Pages File System...
         Mounting Huge Pages File System...
[    5.856188] systemd[1]: Starting Remount Root and Kernel File Systems...
         Starting Remount Root and Kernel File Systems...
[    5.865373] systemd[1]: Starting Load Kernel Modules...
         [    5.868709] EXT4-fs (sda1): re-mounted. Opts: (null)
Starting Load Kernel Modules...
[    5.872559] systemd[1]: Created slice User and Session Slice.
[[0;32m  OK  [0m] Created slice User and Session Slice.
[    5.878898] systemd[1]: Reached target Slices.
[[0;32m  OK  [0m] Reached target Slices.
[    5.885320] systemd[1]: Starting Journal Service...
         Starting Journal Service...[    5.890244] Loading iSCSI transport class v2.0-870.

[    5.893655] systemd[1]: Starting Create list of required static device nodes for the current kernel...
         Starting Create list of required st... nodes for the current kernel...
[    5.902475] systemd[1]: Listening on /dev/initctl Compatibility Named Pipe.
[[0;32m  OK  [0m] Listening on /dev/initctl Compatibility Named Pipe.
[    5.911500] systemd[1]: Starting Uncomplicated firewall...
         Starting Uncomplicated firewall...
[    5.920552] systemd[1]: Listening on Device-mapper event daemon FIFOs.
[    5.924622] iscsi: registered transport (tcp)
[[0;32m  OK  [0m] Listening on Device-mapper event daemon FIFOs.
[    5.933593] systemd[1]: Starting Monitoring of LVM2 mirrors, snapshots etc. using dmeventd or progress polling...
         Starting Monitoring of LVM2 mirrors... dmeventd or progress polling...
[    5.945151] systemd[1]: Created slice system-serial\x2dgetty.slice.
[[0;32m  OK  [0m] Created slice system-serial\x2dgetty.slice.
[    5.955727] random: nonblocking pool is initialized
[    5.955984] systemd[1]: Mounted Huge Pages File System.
[[0;32m  OK  [0m] Mounted Huge Pages File System.
[    5.964324] systemd[1]: Mounted POSIX Message Queue File System.
[[0;32m  OK  [0m] Mounted POSIX Message Queue File System.
[    5.972337] systemd[1]: Mounted Debug File System.
[[0;32m  OK  [0m] Mounted Debug File System.
[    5.980064] systemd[1]: Started Journal Service.
[[0;32m  OK  [0m] Started Journal Service.
[[0;32m  OK  [0m] Started Set console keymap.
[    6.010027] iscsi: registered transport (iser)
[[0;32m  OK  [0m] Started Remount Root and Kernel File Systems.
[[0;32m  OK  [0m] Started Load Kernel Modules.
[[0;32m  OK  [0m] Started Create list of required sta...ce nodes for the current kernel.
[[0;32m  OK  [0m] Started Uncomplicated firewall.
[[0;32m  OK  [0m] Started Nameserver information manager.
[[0;32m  OK  [0m] Started LVM2 metadata daemon.
         Starting Create Static Device Nodes in /dev...
         Mounting FUSE Control File System...
         Starting Apply Kernel Variables...
         Starting udev Coldplug all Devices...
         Starting Load/Save Random Seed...
         Starting Flush Journal to Persistent Storage...
[[0;32m  OK  [0m] Mounted FUSE Control File System.
[[0;32m  OK  [0m] Started Load/Save Random Seed.
[    6.090458] systemd-journald[394]: Received request to flush runtime journal from PID 1
[[0;32m  OK  [0m] Started Flush Journal to Persistent Storage.
[[0;32m  OK  [0m] Started Apply Kernel Variables.
[[0;32m  OK  [0m] Started Create Static Device Nodes in /dev.
         Starting udev Kernel Device Manager...
[[0;32m  OK  [0m] Started udev Coldplug all Devices.
[[0;32m  OK  [0m] Started udev Kernel Device Manager.
[[0;32m  OK  [0m] Started Dispatch Password Requests to Console Directory Watch.
[[0;32m  OK  [0m] Found device /dev/ttyS0.
[[0;32m  OK  [0m] Listening on Load/Save RF Kill Switch Status /dev/rfkill Watch.
[[0;32m  OK  [0m] Found device 82540EM Gigabit Ethern...r (PRO/1000 MT Desktop Adapter).
[[0;32m  OK  [0m] Found device 82540EM Gigabit Ethern...r (PRO/1000 MT Desktop Adapter).
[[0;32m  OK  [0m] Started Monitoring of LVM2 mirrors,...ng dmeventd or progress polling.
[[0;32m  OK  [0m] Reached target Local File Systems (Pre).
[[0;32m  OK  [0m] Reached target Local File Systems.
         Starting Create Volatile Files and Directories...
         Starting LSB: AppArmor initialization...
         Starting Set console font and keymap...
         Starting Tell Plymouth To Write Out Runtime Data...
         Starting Initial cloud-init job (pre-networking)...
[[0;32m  OK  [0m] Started Create Volatile Files and Directories.
         Starting Update UTMP about System Boot/Shutdown...
[[0;32m  OK  [0m] Started Tell Plymouth To Write Out Runtime Data.
[[0;32m  OK  [0m] Started Update UTMP about System Boot/Shutdown.
[[0;32m  OK  [0m] Started Set console font and keymap.
[[0;32m  OK  [0m] Created slice system-getty.slice.
[[0;32m  OK  [0m] Started LSB: AppArmor initialization.
         Starting Load AppArmor profiles managed internally by snapd...
[[0;32m  OK  [0m] Started Load AppArmor profiles managed internally by snapd.
[    6.554915] cloud-init[645]: Cloud-init v. 21.1-19-gbad84ad4-0ubuntu1~16.04.2 running 'init-local' at Mon, 24 Apr 2023 21:04:13 +0000. Up 6.34 seconds.
[[0;32m  OK  [0m] Started Initial cloud-init job (pre-networking).
[[0;32m  OK  [0m] Reached target Network (Pre).
[[0;32m  OK  [0m] Started ifup for enp0s3.
[[0;32m  OK  [0m] Started ifup for enp0s8.
         Starting Raise network interfaces...
[[0;32m  OK  [0m] Started Raise network interfaces.
         Starting Initial cloud-init job (metadata service crawler)...
[[0;32m  OK  [0m] Reached target Network.
[    7.240752] cloud-init[1072]: Cloud-init v. 21.1-19-gbad84ad4-0ubuntu1~16.04.2 running 'init' at Mon, 24 Apr 2023 21:04:13 +0000. Up 7.04 seconds.
[    7.247000] cloud-init[1072]: ci-info: ++++++++++++++++++++++++++++++++++++++Net device info+++++++++++++++++++++++++++++++++++++++
[    7.261305] cloud-init[1072]: ci-info: +--------+------+-----------------------------+---------------+--------+-------------------+
[    7.269905] cloud-init[1072]: ci-info: | Device |  Up  |           Address           |      Mask     | Scope  |     Hw-Address    |
[    7.281976] cloud-init[1072]: ci-info: +--------+------+-----------------------------+---------------+--------+-------------------+
[    7.289902] cloud-init[1072]: ci-info: | enp0s3 | True |          10.0.2.15          | 255.255.255.0 | global | 02:fe:a1:ea:7d:d1 |
[    7.297165] cloud-init[1072]: ci-info: | enp0s3 | True |  fe80::fe:a1ff:feea:7dd1/64 |       .       |  link  | 02:fe:a1:ea:7d:d1 |
[    7.301114] cloud-init[1072]: ci-info: | enp0s8 | True |        192.168.10.70        | 255.255.255.0 | global | 08:00:27:a6:b8:cf |
[    7.305141] cloud-init[1072]: ci-info: | enp0s8 | True | fe80::a00:27ff:fea6:b8cf/64 |       .       |  link  | 08:00:27:a6:b8:cf |
[    7.309127] cloud-init[1072]: ci-info: |   lo   | True |          127.0.0.1          |   255.0.0.0   |  host  |         .         |
[    7.313115] cloud-init[1072]: ci-info: |   lo   | True |           ::1/128           |       .       |  host  |         .         |
[    7.317152] cloud-init[1072]: ci-info: +--------+------+-----------------------------+---------------+--------+-------------------+
[    7.320953] cloud-init[1072]: ci-info: ++++++++++++++++++++++++++++Route IPv4 info++++++++++++++++++++++++++++
[    7.325528] cloud-init[1072]: ci-info: +-------+--------------+----------+---------------+-----------+-------+
[    7.326352] cloud-init[1072]: ci-info: | Route | Destination  | Gateway  |    Genmask    | Interface | Flags |
[    7.326689] cloud-init[1072]: ci-info: +-------+--------------+----------+---------------+-----------+-------+
[    7.326992] cloud-init[1072]: ci-info: |   0   |   0.0.0.0    | 10.0.2.2 |    0.0.0.0    |   enp0s3  |   UG  |
[    7.327328] cloud-init[1072]: ci-info: |   1   |   10.0.2.0   | 0.0.0.0  | 255.255.255.0 |   enp0s3  |   U   |
[    7.327653] cloud-init[1072]: ci-info: |   2   | 192.168.10.0 | 0.0.0.0  | 255.255.255.0 |   enp0s8  |   U   |
[    7.328002] cloud-init[1072]: ci-info: +-------+--------------+----------+---------------+-----------+-------+
[    7.328663] cloud-init[1072]: ci-info: +++++++++++++++++++Route IPv6 info+++++++++++++++++++
[    7.328988] cloud-init[1072]: ci-info: +-------+-------------+---------+-----------+-------+
[    7.329919] cloud-init[1072]: ci-info: | Route | Destination | Gateway | Interface | Flags |
[    7.330280] cloud-init[1072]: ci-info: +-------+-------------+---------+-----------+-------+
[    7.330584] cloud-init[1072]: ci-info: |   0   |  fe80::/64  |    ::   |   enp0s8  |   U   |
[    7.331254] cloud-init[1072]: ci-info: |   1   |  fe80::/64  |    ::   |   enp0s3  |   U   |
[    7.332121] cloud-init[1072]: ci-info: |   4   |   ff00::/8  |    ::   |   enp0s8  |   U   |
[    7.332509] cloud-init[1072]: ci-info: |   5   |   ff00::/8  |    ::   |   enp0s3  |   U   |
[    7.332829] cloud-init[1072]: ci-info: +-------+-------------+---------+-----------+-------+
[[0;32m  OK  [0m] Started Initial cloud-init job (metadata service crawler).
[[0;32m  OK  [0m] Reached target System Initialization.
[[0;32m  OK  [0m] Started Ubuntu Advantage Timer for running repeated jobs.
         Starting LXD - unix socket.
[[0;32m  OK  [0m] Listening on ACPID Listen Socket.
         Starting Socket activation for snappy daemon.
[[0;32m  OK  [0m] Started Trigger to poll for Ubuntu ...nly enabled on GCP LTS non-pro).
[[0;32m  OK  [0m] Listening on UUID daemon activation socket.
[[0;32m  OK  [0m] Started Clean PHP session files every 30 mins.
[[0;32m  OK  [0m] Started Daily apt download activities.
[[0;32m  OK  [0m] Started Daily apt upgrade and clean activities.
[[0;32m  OK  [0m] Listening on D-Bus System Message Bus Socket.
[[0;32m  OK  [0m] Started ACPI Events Check.
[[0;32m  OK  [0m] Reached target Paths.
[[0;32m  OK  [0m] Started Message of the Day.
[[0;32m  OK  [0m] Started Daily Cleanup of Temporary Directories.
[[0;32m  OK  [0m] Reached target Timers.
[[0;32m  OK  [0m] Reached target Cloud-config availability.
[[0;32m  OK  [0m] Reached target Network is Online.
         Starting iSCSI initiator daemon (iscsid)...
[[0;32m  OK  [0m] Listening on LXD - unix socket.
[[0;32m  OK  [0m] Listening on Socket activation for snappy daemon.
[[0;32m  OK  [0m] Reached target Sockets.
[[0;32m  OK  [0m] Reached target Basic System.
         Starting Clean php session files...
         Starting System Logging Service...
         Starting /etc/rc.local Compatibility...
         Starting vsftpd FTP server...
[[0;32m  OK  [0m] Started ACPI event daemon.
         Starting LSB: MD monitoring daemon...
         Starting The PHP 7.4 FastCGI Process Manager...
         Starting The PHP 7.0 FastCGI Process Manager...
         Starting vboxadd.service...
[[0;32m  OK  [0m] Started Regular background program processing daemon.
         Starting Login Service...
[[0;32m  OK  [0m] Started FUSE filesystem for LXC.
         Starting The PHP 8.0 FastCGI Process Manager...
[[0;32m  OK  [0m] Started Deferred execution scheduler.
[[0;32m  OK  [0m] Started D-Bus System Message Bus.
         Starting Accounts Service...
         Starting OpenBSD Secure Shell server...
         Starting LSB: Record successful boot for GRUB...
         Starting MySQL Community Server...
         Starting Message of the Day...
         Starting Snap Daemon...
         Starting LXD - container startup/shutdown...
[[0;32m  OK  [0m] Started System Logging Service.
[[0;32m  OK  [0m] Started iSCSI initiator daemon (iscsid).
[[0;32m  OK  [0m] Started /etc/rc.local Compatibility.
[[0;32m  OK  [0m] Started vsftpd FTP server.
         Starting Login to default iSCSI targets...
[[0;32m  OK  [0m] Started Login Service.
[[0;32m  OK  [0m] Started Unattended Upgrades Shutdown.
[[0;32m  OK  [0m] Started LSB: Record successful boot for GRUB.
[[0;32m  OK  [0m] Started Login to default iSCSI targets.
[[0;32m  OK  [0m] Reached target Remote File Systems (Pre).
         Mounting /vagrant...
         Mounting /var/www...
[[0;32m  OK  [0m] Mounted /var/www.
[[0;32m  OK  [0m] Started LSB: MD monitoring daemon.
[[0;32m  OK  [0m] Started LXD - container startup/shutdown.
[[0;1;31mFAILED[0m] Failed to mount /vagrant.
See 'systemctl status vagrant.mount' for details.
[[0;1;33mDEPEND[0m] Dependency failed for Remote File Systems.
[[0;32m  OK  [0m] Started OpenBSD Secure Shell server.
         Starting The Apache HTTP Server...
         Starting Permit User Sessions...
         Starting LSB: Set the CPU Frequency Scaling governor to "ondemand"...
         Starting LSB: daemon to balance interrupts for SMP systems...
         Starting LSB: automatic crash report generation...
[[0;32m  OK  [0m] Started Permit User Sessions.
         Starting Authenticate and Authorize Users to Run Privileged Tasks...
         Starting Terminate Plymouth Boot Screen...
         Starting Hold until boot process finishes up...
[[0;32m  OK  [0m] Started Hold until boot process finishes up.
         Starting Set console scheme...
[[0;32m  OK  [0m] Started Getty on tty1.
[[0;32m  OK  [0m] Started Serial Getty on ttyS0.
[[0;32m  OK  [0m] Reached target Login Prompts.
[[0;32m  OK  [0m] Started Terminate Plymouth Boot Screen.
[[0;32m  OK  [0m] Started Set console scheme.
[[0;32m  OK  [0m] Started LSB: Set the CPU Frequency Scaling governor to "ondemand".
[[0;32m  OK  [0m] Started LSB: daemon to balance interrupts for SMP systems.
[[0;32m  OK  [0m] Started Authenticate and Authorize Users to Run Privileged Tasks.
[[0;32m  OK  [0m] Started Accounts Service.
[[0;32m  OK  [0m] Started LSB: automatic crash report generation.
[[0;32m  OK  [0m] Started The PHP 7.4 FastCGI Process Manager.
[[0;32m  OK  [0m] Started The PHP 8.0 FastCGI Process Manager.
[[0;32m  OK  [0m] Started The PHP 7.0 FastCGI Process Manager.
[[0;32m  OK  [0m] Started The Apache HTTP Server.
[[0;32m  OK  [0m] Started Snap Daemon.
         Starting Wait until snapd is fully seeded...
[[0;32m  OK  [0m] Started Wait until snapd is fully seeded.
         Starting Apply the settings specified in cloud-config...
[    9.328248] cloud-init[1517]: Cloud-init v. 21.1-19-gbad84ad4-0ubuntu1~16.04.2 running 'modules:config' at Mon, 24 Apr 2023 21:04:16 +0000. Up 9.16 seconds.
[[0;32m  OK  [0m] Started Apply the settings specified in cloud-config.
[[0;32m  OK  [0m] Started Clean php session files.
[[0;32m  OK  [0m] Started MySQL Community Server.
[[0;32m  OK  [0m] Started Message of the Day.
[[0;32m  OK  [0m] Created slice User Slice of vagrant.
         Starting User Manager for UID 1000...
[[0;32m  OK  [0m] Started Session 1 of user vagrant.
[[0;32m  OK  [0m] Started User Manager for UID 1000.

Ubuntu 16.04.7 LTS ubuntu-xenial ttyS0

ubuntu-xenial login: [   28.347149] cloud-init[10345]: Cloud-init v. 21.1-19-gbad84ad4-0ubuntu1~16.04.2 running 'modules:final' at Mon, 24 Apr 2023 21:04:35 +0000. Up 28.25 seconds.
[   28.347509] cloud-init[10345]: Cloud-init v. 21.1-19-gbad84ad4-0ubuntu1~16.04.2 finished at Mon, 24 Apr 2023 21:04:35 +0000. Datasource DataSourceNoCloud [seed=/dev/sdb][dsmode=net].  Up 28.34 seconds
